#
# A fatal error has been detected by the Java Runtime Environment:
#
#  EXCEPTION_ACCESS_VIOLATION (0xc0000005) at pc=0x000000007331fed7, pid=4992, tid=0x00000000000040c0
#
# JRE version: OpenJDK Runtime Environment (8.0_242-b01) (build 1.8.0_242-release-1644-b01)
# Java VM: OpenJDK 64-Bit Server VM (25.242-b01 mixed mode windows-amd64 compressed oops)
# Problematic frame:
# V  [jvm.dll+0x1efed7]
#
# Failed to write core dump. Minidumps are not enabled by default on client versions of Windows
#
# If you would like to submit a bug report, please visit:
#   
#

---------------  T H R E A D  ---------------

Current thread (0x000000001b87c000):  JavaThread "Build operations Thread 3" [_thread_in_vm, id=16576, stack(0x0000000021de0000,0x0000000021ee0000)]

siginfo: ExceptionCode=0xc0000005, writing address 0x0000000021eda280

Registers:
RAX=0x0000000021eda280, RBX=0x0000000000000006, RCX=0x0000000000005000, RDX=0x0000000000000006
RSP=0x0000000021edf280, RBP=0x0000000000000000, RSI=0x0000000021edf280, RDI=0x0000000000000006
R8 =0x0000000000000006, R9 =0x000000001f1ecd80, R10=0x00000000163be968, R11=0x0000000021dea148
R12=0x00000000ffffffff, R13=0x000000001b87c000, R14=0x000000001b87c000, R15=0x00000000163be968
RIP=0x000000007331fed7, EFLAGS=0x0000000000010202

Top of Stack: (sp=0x0000000021edf280)
0x0000000021edf280:   0000000002cd0354 0000000100006948
0x0000000021edf290:   000000001b87c000 00000000ffffffff
0x0000000021edf2a0:   0000000021edf348 0000000073320eb7
0x0000000021edf2b0:   0000000021edf3b0 000000001f1ecd80
0x0000000021edf2c0:   00000000163be968 00000000731cbe73
0x0000000021edf2d0:   0000000021edf310 000000001b87c000
0x0000000021edf2e0:   0000000021edf3a0 000000001b87c000
0x0000000021edf2f0:   00000000163be968 000000001b87c000
0x0000000021edf300:   0000000002fd3920 000000001b87c000
0x0000000021edf310:   00000000163be968 000000001b87c000
0x0000000021edf320:   00000000163be968 000000001b87c000
0x0000000021edf330:   0000000000000001 00000000163be968
0x0000000021edf340:   000000001b87c000 000000001b4a47d0
0x0000000021edf350:   000000001b87c000 00000000731cd5dd
0x0000000021edf360:   0000000021edf668 0000000100006948
0x0000000021edf370:   0000000100006948 0000000000000000 

Instructions: (pc=0x000000007331fed7)
0x000000007331feb7:   48 89 6c 24 30 33 ed 66 90 e8 4b d9 07 00 ff c3
0x000000007331fec7:   48 63 c8 48 8b c6 48 0f af cf 48 ff c7 48 2b c1
0x000000007331fed7:   89 28 48 63 c3 48 3b 05 65 b8 57 00 7e db 48 8b
0x000000007331fee7:   6c 24 30 48 8b 5c 24 38 48 8b 74 24 40 48 83 c4 


Register to memory mapping:

RAX=0x0000000021eda280 is pointing into the stack for thread: 0x000000001b87c000
RBX=0x0000000000000006 is an unknown value
RCX=0x0000000000005000 is an unknown value
RDX=0x0000000000000006 is an unknown value
RSP=0x0000000021edf280 is pointing into the stack for thread: 0x000000001b87c000
RBP=0x0000000000000000 is an unknown value
RSI=0x0000000021edf280 is pointing into the stack for thread: 0x000000001b87c000
RDI=0x0000000000000006 is an unknown value
R8 =0x0000000000000006 is an unknown value
R9 =0x000000001f1ecd80 is an unknown value
R10={method} {0x00000000163be970} 'run' '()V' in 'java/lang/Thread'
R11=0x0000000021dea148 is pointing into the stack for thread: 0x000000001b87c000
R12=0x00000000ffffffff is an unallocated location in the heap
R13=0x000000001b87c000 is a thread
R14=0x000000001b87c000 is a thread
R15={method} {0x00000000163be970} 'run' '()V' in 'java/lang/Thread'


Stack: [0x0000000021de0000,0x0000000021ee0000],  sp=0x0000000021edf280,  free space=1020k
Native frames: (J=compiled Java code, j=interpreted, Vv=VM code, C=native code)


---------------  P R O C E S S  ---------------

Java Threads: ( => current thread )
  0x000000001b879800 JavaThread "Build operations Thread 8" [_thread_blocked, id=3468, stack(0x0000000022590000,0x0000000022690000)]
  0x000000001b880800 JavaThread "Build operations Thread 7" [_thread_blocked, id=18392, stack(0x0000000022490000,0x0000000022590000)]
  0x000000001b87c800 JavaThread "Build operations Thread 6" [_thread_blocked, id=17880, stack(0x0000000022390000,0x0000000022490000)]
  0x000000001b87a800 JavaThread "Build operations Thread 5" [_thread_blocked, id=4564, stack(0x0000000022290000,0x0000000022390000)]
  0x000000001b87e000 JavaThread "Build operations Thread 4" [_thread_blocked, id=18032, stack(0x0000000022190000,0x0000000022290000)]
=>0x000000001b87c000 JavaThread "Build operations Thread 3" [_thread_in_vm, id=16576, stack(0x0000000021de0000,0x0000000021ee0000)]
  0x000000001b87f800 JavaThread "Build operations Thread 2" [_thread_blocked, id=1736, stack(0x0000000021ce0000,0x0000000021de0000)]
  0x000000001b87d800 JavaThread "Build operations" [_thread_blocked, id=11068, stack(0x00000000218e0000,0x00000000219e0000)]
  0x000000001eeb5800 JavaThread "Cache worker for cache directory md-rule (C:\Users\Bogart\.gradle\caches\5.6.2\md-rule)" [_thread_blocked, id=17324, stack(0x00000000217e0000,0x00000000218e0000)]
  0x000000001eeae000 JavaThread "Cache worker for cache directory md-supplier (C:\Users\Bogart\.gradle\caches\5.6.2\md-supplier)" [_thread_blocked, id=18176, stack(0x000000001fa10000,0x000000001fb10000)]
  0x000000001eeac800 JavaThread "Cache worker for file hash cache (C:\Users\Bogart\AndroidStudioProjects\bayad_po\android\.gradle\5.6.2\fileHashes)" [_thread_blocked, id=18268, stack(0x000000001d470000,0x000000001d570000)]
  0x000000001eeb0000 JavaThread "Thread-190" [_thread_blocked, id=13420, stack(0x000000001d070000,0x000000001d170000)]
  0x000000001eeb1000 JavaThread "Stdin handler" [_thread_blocked, id=3128, stack(0x000000001cf70000,0x000000001d070000)]
  0x000000001eeb3000 JavaThread "Asynchronous log dispatcher for DefaultDaemonConnection: socket connection from /127.0.0.1:57328 to /127.0.0.1:60561" [_thread_blocked, id=14628, stack(0x000000001cc70000,0x000000001cd70000)]
  0x000000001eea8000 JavaThread "Daemon worker Thread 4" [_thread_blocked, id=6260, stack(0x000000001cb70000,0x000000001cc70000)]
  0x000000001eea7000 JavaThread "Cancel handler" [_thread_blocked, id=10192, stack(0x0000000001390000,0x0000000001490000)]
  0x000000001eeab000 JavaThread "Handler for socket connection from /127.0.0.1:57328 to /127.0.0.1:60561" [_thread_in_native, id=16712, stack(0x0000000001290000,0x0000000001390000)]
  0x000000001eea6800 JavaThread "Daemon Thread 4" [_thread_blocked, id=17252, stack(0x0000000001190000,0x0000000001290000)]
  0x000000001eeb2800 JavaThread "Cache worker for file content cache (C:\Users\Bogart\.gradle\caches\5.6.2\fileContent)" [_thread_blocked, id=15324, stack(0x0000000024c60000,0x0000000024d60000)]
  0x000000001eea9800 JavaThread "Memory manager" [_thread_blocked, id=4748, stack(0x0000000024b60000,0x0000000024c60000)]
  0x000000001eeab800 JavaThread "Cache worker for execution history cache (C:\Users\Bogart\.gradle\caches\5.6.2\executionHistory)" [_thread_blocked, id=15260, stack(0x0000000021be0000,0x0000000021ce0000)]
  0x0000000018e66800 JavaThread "Cache worker for journal cache (C:\Users\Bogart\.gradle\caches\journal-1)" [_thread_blocked, id=6280, stack(0x000000001d770000,0x000000001d870000)]
  0x0000000018e61000 JavaThread "File lock request listener" [_thread_in_native, id=7512, stack(0x000000001d670000,0x000000001d770000)]
  0x0000000018e95000 JavaThread "Cache worker for file hash cache (C:\Users\Bogart\.gradle\caches\5.6.2\fileHashes)" [_thread_blocked, id=6960, stack(0x000000001d570000,0x000000001d670000)]
  0x0000000019bd0800 JavaThread "Daemon periodic checks" [_thread_blocked, id=6172, stack(0x000000001ca70000,0x000000001cb70000)]
  0x000000001b3ae000 JavaThread "Incoming local TCP Connector on port 57328" [_thread_in_native, id=10256, stack(0x000000001c830000,0x000000001c930000)]
  0x000000001b314800 JavaThread "Daemon health stats" [_thread_blocked, id=11364, stack(0x000000001c1f0000,0x000000001c2f0000)]
  0x0000000018c17800 JavaThread "Service Thread" daemon [_thread_blocked, id=6348, stack(0x0000000019850000,0x0000000019950000)]
  0x0000000018b94800 JavaThread "C1 CompilerThread3" daemon [_thread_blocked, id=10912, stack(0x0000000019750000,0x0000000019850000)]
  0x0000000018b90800 JavaThread "C2 CompilerThread2" daemon [_thread_blocked, id=8292, stack(0x0000000019650000,0x0000000019750000)]
  0x0000000018b89800 JavaThread "C2 CompilerThread1" daemon [_thread_blocked, id=15272, stack(0x0000000019550000,0x0000000019650000)]
  0x0000000018b85000 JavaThread "C2 CompilerThread0" daemon [_thread_blocked, id=9572, stack(0x0000000019450000,0x0000000019550000)]
  0x0000000018b7f800 JavaThread "Attach Listener" daemon [_thread_blocked, id=12320, stack(0x0000000019350000,0x0000000019450000)]
  0x0000000018b7e000 JavaThread "Signal Dispatcher" daemon [_thread_blocked, id=11212, stack(0x0000000019250000,0x0000000019350000)]
  0x0000000018b70800 JavaThread "Finalizer" daemon [_thread_blocked, id=10608, stack(0x0000000019050000,0x0000000019150000)]
  0x0000000016d7b800 JavaThread "Reference Handler" daemon [_thread_blocked, id=3132, stack(0x0000000018f50000,0x0000000019050000)]
  0x0000000002ec2800 JavaThread "main" [_thread_blocked, id=13804, stack(0x0000000002d10000,0x0000000002e10000)]

Other Threads:
  0x0000000016d76800 VMThread [stack: 0x0000000018a50000,0x0000000018b50000] [id=3464]
  0x0000000018c18000 WatcherThread [stack: 0x0000000019950000,0x0000000019a50000] [id=11672]

VM state:synchronizing (normal execution)

VM Mutex/Monitor currently owned by a thread:  ([mutex/lock_event])
[0x0000000002ebe2e0] Threads_lock - owner thread: 0x0000000016d76800

heap address: 0x00000000a0000000, size: 1536 MB, Compressed Oops mode: 32-bit
Narrow klass base: 0x0000000000000000, Narrow klass shift: 3
Compressed class space size: 1073741824 Address: 0x0000000100000000

Heap:
 PSYoungGen      total 218624K, used 215281K [0x00000000e0000000, 0x00000000f3100000, 0x0000000100000000)
  eden space 185856K, 98% used [0x00000000e0000000,0x00000000eb23f930,0x00000000eb580000)
  from space 32768K, 99% used [0x00000000eb580000,0x00000000ed57cc00,0x00000000ed580000)
  to   space 49664K, 0% used [0x00000000f0080000,0x00000000f0080000,0x00000000f3100000)
 ParOldGen       total 187904K, used 124257K [0x00000000a0000000, 0x00000000ab780000, 0x00000000e0000000)
  object space 187904K, 66% used [0x00000000a0000000,0x00000000a7958730,0x00000000ab780000)
 Metaspace       used 76155K, capacity 80264K, committed 80600K, reserved 1118208K
  class space    used 10036K, capacity 10885K, committed 11008K, reserved 1048576K

Card table byte_map: [0x0000000012380000,0x0000000012690000] byte_map_base: 0x0000000011e80000

Marking Bits: (ParMarkBitMap*) 0x00000000738ff030
 Begin Bits: [0x0000000013090000, 0x0000000014890000)
 End Bits:   [0x0000000014890000, 0x0000000016090000)

Polling page: 0x0000000002c60000

CodeCache: size=245760Kb used=38575Kb max_used=39014Kb free=207184Kb
 bounds [0x0000000002fc0000, 0x0000000005610000, 0x0000000011fc0000]
 total_blobs=12998 nmethods=12169 adapters=742
 compilation: enabled

Compilation events (10 events):
Event: 11887.183 Thread 0x0000000018b90800 14655       4       com.google.common.collect.RegularImmutableList::<init> (15 bytes)
Event: 11887.197 Thread 0x0000000018b90800 nmethod 14655 0x00000000037aa450 code [0x00000000037aa580, 0x00000000037aa5f8]
Event: 11887.200 Thread 0x0000000018b85000 14656       4       com.esotericsoftware.kryo.io.Input::<init> (25 bytes)
Event: 11887.209 Thread 0x0000000018b85000 nmethod 14656 0x0000000003538910 code [0x0000000003538a60, 0x0000000003538c38]
Event: 11887.212 Thread 0x0000000018b89800 nmethod 14654 0x0000000003d3abd0 code [0x0000000003d3ad60, 0x0000000003d3b598]
Event: 11887.237 Thread 0x0000000018b94800 14657       3       org.gradle.api.internal.artifacts.ivyservice.resolveengine.artifact.DefaultArtifactSet$LazyArtifactSource::<init> (8 bytes)
Event: 11887.243 Thread 0x0000000018b94800 nmethod 14657 0x0000000003d335d0 code [0x0000000003d33740, 0x0000000003d33990]
Event: 11887.243 Thread 0x0000000018b94800 14658       3       org.gradle.api.internal.artifacts.ivyservice.resolveengine.artifact.DefaultArtifactSet$LazyArtifactSource::<init> (20 bytes)
Event: 11887.243 Thread 0x0000000018b94800 nmethod 14658 0x0000000003d6c6d0 code [0x0000000003d6c820, 0x0000000003d6ca10]
Event: 11887.255 Thread 0x0000000018b94800 14659       3       java.security.AccessController::getContext (23 bytes)

GC Heap History (10 events):
Event: 762.911 GC heap before
{Heap before GC invocations=23 (full 3):
 PSYoungGen      total 168960K, used 167557K [0x00000000e0000000, 0x00000000ed080000, 0x0000000100000000)
  eden space 148992K, 99% used [0x00000000e0000000,0x00000000e90238e8,0x00000000e9180000)
  from space 19968K, 99% used [0x00000000e9180000,0x00000000ea4fdf08,0x00000000ea500000)
  to   space 26112K, 0% used [0x00000000eb700000,0x00000000eb700000,0x00000000ed080000)
 ParOldGen       total 99840K, used 44698K [0x00000000a0000000, 0x00000000a6180000, 0x00000000e0000000)
  object space 99840K, 44% used [0x00000000a0000000,0x00000000a2ba6ac8,0x00000000a6180000)
 Metaspace       used 74415K, capacity 78256K, committed 78424K, reserved 1116160K
  class space    used 9928K, capacity 10765K, committed 10880K, reserved 1048576K
Event: 763.250 GC heap after
Heap after GC invocations=23 (full 3):
 PSYoungGen      total 184832K, used 21964K [0x00000000e0000000, 0x00000000ee580000, 0x0000000100000000)
  eden space 158720K, 0% used [0x00000000e0000000,0x00000000e0000000,0x00000000e9b00000)
  from space 26112K, 84% used [0x00000000eb700000,0x00000000ecc73208,0x00000000ed080000)
  to   space 28672K, 0% used [0x00000000e9b00000,0x00000000e9b00000,0x00000000eb700000)
 ParOldGen       total 99840K, used 94328K [0x00000000a0000000, 0x00000000a6180000, 0x00000000e0000000)
  object space 99840K, 94% used [0x00000000a0000000,0x00000000a5c1e070,0x00000000a6180000)
 Metaspace       used 74415K, capacity 78256K, committed 78424K, reserved 1116160K
  class space    used 9928K, capacity 10765K, committed 10880K, reserved 1048576K
}
Event: 763.252 GC heap before
{Heap before GC invocations=24 (full 4):
 PSYoungGen      total 184832K, used 21964K [0x00000000e0000000, 0x00000000ee580000, 0x0000000100000000)
  eden space 158720K, 0% used [0x00000000e0000000,0x00000000e0000000,0x00000000e9b00000)
  from space 26112K, 84% used [0x00000000eb700000,0x00000000ecc73208,0x00000000ed080000)
  to   space 28672K, 0% used [0x00000000e9b00000,0x00000000e9b00000,0x00000000eb700000)
 ParOldGen       total 99840K, used 94328K [0x00000000a0000000, 0x00000000a6180000, 0x00000000e0000000)
  object space 99840K, 94% used [0x00000000a0000000,0x00000000a5c1e070,0x00000000a6180000)
 Metaspace       used 74415K, capacity 78256K, committed 78424K, reserved 1116160K
  class space    used 9928K, capacity 10765K, committed 10880K, reserved 1048576K
Event: 765.828 GC heap after
Heap after GC invocations=24 (full 4):
 PSYoungGen      total 184832K, used 0K [0x00000000e0000000, 0x00000000ee580000, 0x0000000100000000)
  eden space 158720K, 0% used [0x00000000e0000000,0x00000000e0000000,0x00000000e9b00000)
  from space 26112K, 0% used [0x00000000eb700000,0x00000000eb700000,0x00000000ed080000)
  to   space 28672K, 0% used [0x00000000e9b00000,0x00000000e9b00000,0x00000000eb700000)
 ParOldGen       total 187904K, used 92855K [0x00000000a0000000, 0x00000000ab780000, 0x00000000e0000000)
  object space 187904K, 49% used [0x00000000a0000000,0x00000000a5aadeb0,0x00000000ab780000)
 Metaspace       used 74073K, capacity 77304K, committed 78424K, reserved 1116160K
  class space    used 9816K, capacity 10567K, committed 10880K, reserved 1048576K
}
Event: 769.077 GC heap before
{Heap before GC invocations=25 (full 4):
 PSYoungGen      total 184832K, used 158720K [0x00000000e0000000, 0x00000000ee580000, 0x0000000100000000)
  eden space 158720K, 100% used [0x00000000e0000000,0x00000000e9b00000,0x00000000e9b00000)
  from space 26112K, 0% used [0x00000000eb700000,0x00000000eb700000,0x00000000ed080000)
  to   space 28672K, 0% used [0x00000000e9b00000,0x00000000e9b00000,0x00000000eb700000)
 ParOldGen       total 187904K, used 92855K [0x00000000a0000000, 0x00000000ab780000, 0x00000000e0000000)
  object space 187904K, 49% used [0x00000000a0000000,0x00000000a5aadeb0,0x00000000ab780000)
 Metaspace       used 74575K, capacity 77900K, committed 78936K, reserved 1118208K
  class space    used 9901K, capacity 10630K, committed 10880K, reserved 1048576K
Event: 769.134 GC heap after
Heap after GC invocations=25 (full 4):
 PSYoungGen      total 187392K, used 17856K [0x00000000e0000000, 0x00000000ef380000, 0x0000000100000000)
  eden space 158720K, 0% used [0x00000000e0000000,0x00000000e0000000,0x00000000e9b00000)
  from space 28672K, 62% used [0x00000000e9b00000,0x00000000eac70220,0x00000000eb700000)
  to   space 29696K, 0% used [0x00000000ed680000,0x00000000ed680000,0x00000000ef380000)
 ParOldGen       total 187904K, used 92863K [0x00000000a0000000, 0x00000000ab780000, 0x00000000e0000000)
  object space 187904K, 49% used [0x00000000a0000000,0x00000000a5aafeb0,0x00000000ab780000)
 Metaspace       used 74575K, capacity 77900K, committed 78936K, reserved 1118208K
  class space    used 9901K, capacity 10630K, committed 10880K, reserved 1048576K
}
Event: 3456.451 GC heap before
{Heap before GC invocations=26 (full 4):
 PSYoungGen      total 187392K, used 176576K [0x00000000e0000000, 0x00000000ef380000, 0x0000000100000000)
  eden space 158720K, 100% used [0x00000000e0000000,0x00000000e9b00000,0x00000000e9b00000)
  from space 28672K, 62% used [0x00000000e9b00000,0x00000000eac70220,0x00000000eb700000)
  to   space 29696K, 0% used [0x00000000ed680000,0x00000000ed680000,0x00000000ef380000)
 ParOldGen       total 187904K, used 92863K [0x00000000a0000000, 0x00000000ab780000, 0x00000000e0000000)
  object space 187904K, 49% used [0x00000000a0000000,0x00000000a5aafeb0,0x00000000ab780000)
 Metaspace       used 75251K, capacity 78800K, committed 79448K, reserved 1118208K
  class space    used 9939K, capacity 10709K, committed 10880K, reserved 1048576K
Event: 3456.934 GC heap after
Heap after GC invocations=26 (full 4):
 PSYoungGen      total 215552K, used 25282K [0x00000000e0000000, 0x00000000ef580000, 0x0000000100000000)
  eden space 185856K, 0% used [0x00000000e0000000,0x00000000e0000000,0x00000000eb580000)
  from space 29696K, 85% used [0x00000000ed680000,0x00000000eef30b30,0x00000000ef380000)
  to   space 32768K, 0% used [0x00000000eb580000,0x00000000eb580000,0x00000000ed580000)
 ParOldGen       total 187904K, used 92871K [0x00000000a0000000, 0x00000000ab780000, 0x00000000e0000000)
  object space 187904K, 49% used [0x00000000a0000000,0x00000000a5ab1eb0,0x00000000ab780000)
 Metaspace       used 75251K, capacity 78800K, committed 79448K, reserved 1118208K
  class space    used 9939K, capacity 10709K, committed 10880K, reserved 1048576K
}
Event: 3561.393 GC heap before
{Heap before GC invocations=27 (full 4):
 PSYoungGen      total 215552K, used 205355K [0x00000000e0000000, 0x00000000ef580000, 0x0000000100000000)
  eden space 185856K, 96% used [0x00000000e0000000,0x00000000eafda308,0x00000000eb580000)
  from space 29696K, 85% used [0x00000000ed680000,0x00000000eef30b30,0x00000000ef380000)
  to   space 32768K, 0% used [0x00000000eb580000,0x00000000eb580000,0x00000000ed580000)
 ParOldGen       total 187904K, used 92871K [0x00000000a0000000, 0x00000000ab780000, 0x00000000e0000000)
  object space 187904K, 49% used [0x00000000a0000000,0x00000000a5ab1eb0,0x00000000ab780000)
 Metaspace       used 76071K, capacity 80140K, committed 80216K, reserved 1118208K
  class space    used 10030K, capacity 10875K, committed 10880K, reserved 1048576K
Event: 3561.716 GC heap after
Heap after GC invocations=27 (full 4):
 PSYoungGen      total 218624K, used 32755K [0x00000000e0000000, 0x00000000f3100000, 0x0000000100000000)
  eden space 185856K, 0% used [0x00000000e0000000,0x00000000e0000000,0x00000000eb580000)
  from space 32768K, 99% used [0x00000000eb580000,0x00000000ed57cc00,0x00000000ed580000)
  to   space 49664K, 0% used [0x00000000f0080000,0x00000000f0080000,0x00000000f3100000)
 ParOldGen       total 187904K, used 124257K [0x00000000a0000000, 0x00000000ab780000, 0x00000000e0000000)
  object space 187904K, 66% used [0x00000000a0000000,0x00000000a7958730,0x00000000ab780000)
 Metaspace       used 76071K, capacity 80140K, committed 80216K, reserved 1118208K
  class space    used 10030K, capacity 10875K, committed 10880K, reserved 1048576K
}

Deoptimization events (10 events):
Event: 3563.736 Thread 0x000000001eeb5800 Uncommon trap: reason=unstable_if action=reinterpret pc=0x000000000378df08 method=java.lang.ref.SoftReference.get()Ljava/lang/Object; @ 6
Event: 3563.741 Thread 0x000000001eeb5800 Uncommon trap: reason=unstable_if action=reinterpret pc=0x0000000003982074 method=java.lang.ref.SoftReference.get()Ljava/lang/Object; @ 6
Event: 3563.742 Thread 0x000000001eeb5800 Uncommon trap: reason=unstable_if action=reinterpret pc=0x00000000035e1274 method=java.lang.ref.SoftReference.get()Ljava/lang/Object; @ 6
Event: 3563.978 Thread 0x000000001eeb5800 Uncommon trap: reason=class_check action=maybe_recompile pc=0x000000000350c034 method=com.android.tools.build.apkzlib.zip.ZipField.checkVerifiesInvariants(J)V @ 25
Event: 3564.377 Thread 0x000000001eeb5800 Uncommon trap: reason=array_check action=maybe_recompile pc=0x0000000005425874 method=java.util.TimSort.binarySort([Ljava/lang/Object;IIILjava/util/Comparator;)V @ 215
Event: 3564.663 Thread 0x000000001b880800 Uncommon trap: reason=unstable_if action=reinterpret pc=0x000000000427b7a4 method=java.lang.ref.SoftReference.get()Ljava/lang/Object; @ 6
Event: 3564.731 Thread 0x000000001b880800 Uncommon trap: reason=unstable_if action=reinterpret pc=0x0000000003105dec method=java.lang.ref.SoftReference.get()Ljava/lang/Object; @ 6
Event: 3564.738 Thread 0x000000001b880800 Uncommon trap: reason=array_check action=maybe_recompile pc=0x0000000003f7aaa8 method=java.util.ComparableTimSort.binarySort([Ljava/lang/Object;III)V @ 183
Event: 3564.759 Thread 0x000000001b880800 Uncommon trap: reason=array_check action=maybe_recompile pc=0x0000000003f7a91c method=java.util.ComparableTimSort.binarySort([Ljava/lang/Object;III)V @ 215
Event: 5254.863 Thread 0x000000001b314800 Uncommon trap: reason=unstable_if action=reinterpret pc=0x0000000004cb3fb8 method=java.util.concurrent.locks.AbstractQueuedSynchronizer$ConditionObject.awaitNanos(J)J @ 73

Classes redefined (0 events):
No events

Internal exceptions (10 events):
Event: 3464.855 Thread 0x000000001b880800 Exception <a 'sun/nio/fs/WindowsException'> (0x00000000e0e21148) thrown at [C:\src\AOSP-openjdk-git\hotspot\src\share\vm\prims\jni.cpp, line 710]
Event: 3464.864 Thread 0x000000001b880800 Exception <a 'sun/nio/fs/WindowsException'> (0x00000000e0e22ef0) thrown at [C:\src\AOSP-openjdk-git\hotspot\src\share\vm\prims\jni.cpp, line 710]
Event: 3464.872 Thread 0x000000001b880800 Implicit null exception at 0x00000000051215e8 to 0x0000000005123f19
Event: 3523.324 Thread 0x000000001b880800 Exception <a 'sun/nio/fs/WindowsException'> (0x00000000e29d6308) thrown at [C:\src\AOSP-openjdk-git\hotspot\src\share\vm\prims\jni.cpp, line 710]
Event: 3525.172 Thread 0x000000001b880800 Implicit null exception at 0x0000000003db96a4 to 0x0000000003db9aed
Event: 3561.049 Thread 0x000000001eeac800 Exception <a 'java/io/FileNotFoundException'> (0x00000000e825df48) thrown at [C:\src\AOSP-openjdk-git\hotspot\src\share\vm\prims\jni.cpp, line 710]
Event: 3563.736 Thread 0x000000001eeb5800 Implicit null exception at 0x000000000378da80 to 0x000000000378deed
Event: 3563.741 Thread 0x000000001eeb5800 Implicit null exception at 0x0000000003981b03 to 0x0000000003982055
Event: 3565.121 Thread 0x000000001b880800 Exception <a 'sun/nio/fs/WindowsException'> (0x00000000e63a4760) thrown at [C:\src\AOSP-openjdk-git\hotspot\src\share\vm\prims\jni.cpp, line 710]
Event: 3565.129 Thread 0x000000001b880800 Exception <a 'sun/nio/fs/WindowsException'> (0x00000000e63a6508) thrown at [C:\src\AOSP-openjdk-git\hotspot\src\share\vm\prims\jni.cpp, line 710]

Events (10 events):
Event: 11886.105 Thread 0x000000001eeac800 Thread added: 0x000000001eeac800
Event: 11886.725 Thread 0x000000001eeae000 Thread added: 0x000000001eeae000
Event: 11886.732 Thread 0x000000001eeb5800 Thread added: 0x000000001eeb5800
Event: 11887.250 Thread 0x000000001b87d800 Thread added: 0x000000001b87d800
Event: 11887.251 Thread 0x000000001b87f800 Thread added: 0x000000001b87f800
Event: 11887.253 Thread 0x000000001b87c000 Thread added: 0x000000001b87c000
Event: 11887.254 Thread 0x000000001b87e000 Thread added: 0x000000001b87e000
Event: 11887.255 Thread 0x000000001b87a800 Thread added: 0x000000001b87a800
Event: 11887.255 Thread 0x000000001b87c800 Thread added: 0x000000001b87c800
Event: 11887.256 Thread 0x000000001b880800 Thread added: 0x000000001b880800


Dynamic libraries:
0x00007ff787ab0000 - 0x00007ff787ae1000 	C:\Program Files\Android\Android Studio1\jre\bin\java.exe
0x00007ffcb30b0000 - 0x00007ffcb32a6000 	C:\WINDOWS\SYSTEM32\ntdll.dll
0x00007ffcb1470000 - 0x00007ffcb152d000 	C:\WINDOWS\System32\KERNEL32.DLL
0x00007ffcb0a10000 - 0x00007ffcb0cd8000 	C:\WINDOWS\System32\KERNELBASE.dll
0x00007ffcb1120000 - 0x00007ffcb11ca000 	C:\WINDOWS\System32\ADVAPI32.dll
0x00007ffcb19a0000 - 0x00007ffcb1a3e000 	C:\WINDOWS\System32\msvcrt.dll
0x00007ffcb2010000 - 0x00007ffcb20ab000 	C:\WINDOWS\System32\sechost.dll
0x00007ffcb2410000 - 0x00007ffcb2534000 	C:\WINDOWS\System32\RPCRT4.dll
0x00007ffcb20c0000 - 0x00007ffcb2260000 	C:\WINDOWS\System32\USER32.dll
0x00007ffcb10f0000 - 0x00007ffcb1112000 	C:\WINDOWS\System32\win32u.dll
0x00007ffcb2e90000 - 0x00007ffcb2eba000 	C:\WINDOWS\System32\GDI32.dll
0x00007ffcb0ce0000 - 0x00007ffcb0de9000 	C:\WINDOWS\System32\gdi32full.dll
0x00007ffcb1050000 - 0x00007ffcb10ed000 	C:\WINDOWS\System32\msvcp_win.dll
0x00007ffcb0df0000 - 0x00007ffcb0ef0000 	C:\WINDOWS\System32\ucrtbase.dll
0x00007ffca2fb0000 - 0x00007ffca324b000 	C:\WINDOWS\WinSxS\amd64_microsoft.windows.common-controls_6595b64144ccf1df_6.0.19041.488_none_ca04af081b815d21\COMCTL32.dll
0x00007ffcb1360000 - 0x00007ffcb1390000 	C:\WINDOWS\System32\IMM32.DLL
0x0000000075df0000 - 0x0000000075ec2000 	C:\Program Files\Android\Android Studio1\jre\jre\bin\msvcr100.dll
0x0000000073130000 - 0x000000007397b000 	C:\Program Files\Android\Android Studio1\jre\jre\bin\server\jvm.dll
0x00007ffcb20b0000 - 0x00007ffcb20b8000 	C:\WINDOWS\System32\PSAPI.DLL
0x00007ffca8230000 - 0x00007ffca8239000 	C:\WINDOWS\SYSTEM32\WSOCK32.dll
0x00007ffca7cd0000 - 0x00007ffca7cf7000 	C:\WINDOWS\SYSTEM32\WINMM.dll
0x00007ffca7d00000 - 0x00007ffca7d0a000 	C:\WINDOWS\SYSTEM32\VERSION.dll
0x00007ffcb1fa0000 - 0x00007ffcb200b000 	C:\WINDOWS\System32\WS2_32.dll
0x00007ffca4280000 - 0x00007ffca428f000 	C:\Program Files\Android\Android Studio1\jre\jre\bin\verify.dll
0x00007ffc8e5a0000 - 0x00007ffc8e5c9000 	C:\Program Files\Android\Android Studio1\jre\jre\bin\java.dll
0x00007ffca2f00000 - 0x00007ffca2f16000 	C:\Program Files\Android\Android Studio1\jre\jre\bin\zip.dll
0x00007ffcb2680000 - 0x00007ffcb2dc0000 	C:\WINDOWS\System32\SHELL32.dll
0x00007ffcae910000 - 0x00007ffcaf0a4000 	C:\WINDOWS\SYSTEM32\windows.storage.dll
0x00007ffcb1b10000 - 0x00007ffcb1e65000 	C:\WINDOWS\System32\combase.dll
0x00007ffcb0250000 - 0x00007ffcb027c000 	C:\WINDOWS\SYSTEM32\Wldp.dll
0x00007ffcb1ef0000 - 0x00007ffcb1f9e000 	C:\WINDOWS\System32\SHCORE.dll
0x00007ffcb2540000 - 0x00007ffcb2595000 	C:\WINDOWS\System32\shlwapi.dll
0x00007ffcb0730000 - 0x00007ffcb0756000 	C:\WINDOWS\SYSTEM32\profapi.dll
0x00007ffca2bd0000 - 0x00007ffca2bea000 	C:\Program Files\Android\Android Studio1\jre\jre\bin\net.dll
0x00007ffcaff30000 - 0x00007ffcaff9a000 	C:\WINDOWS\system32\mswsock.dll
0x00007ffca16d0000 - 0x00007ffca16e3000 	C:\Program Files\Android\Android Studio1\jre\jre\bin\nio.dll
0x00007ffc91270000 - 0x00007ffc91296000 	C:\Users\Bogart\.gradle\native\30\windows-amd64\native-platform.dll
0x00007ffca2af0000 - 0x00007ffca2afd000 	C:\Program Files\Android\Android Studio1\jre\jre\bin\management.dll
0x00007ffcb00b0000 - 0x00007ffcb00c8000 	C:\WINDOWS\SYSTEM32\CRYPTSP.dll
0x00007ffcaf8d0000 - 0x00007ffcaf904000 	C:\WINDOWS\system32\rsaenh.dll
0x00007ffcb0800000 - 0x00007ffcb0827000 	C:\WINDOWS\System32\bcrypt.dll
0x00007ffcb06b0000 - 0x00007ffcb06de000 	C:\WINDOWS\SYSTEM32\USERENV.dll
0x00007ffcb0930000 - 0x00007ffcb09af000 	C:\WINDOWS\System32\bcryptprimitives.dll
0x00007ffcb00d0000 - 0x00007ffcb00dc000 	C:\WINDOWS\SYSTEM32\CRYPTBASE.dll
0x00007ffcafc30000 - 0x00007ffcafc6b000 	C:\WINDOWS\SYSTEM32\IPHLPAPI.DLL
0x00007ffcb2e20000 - 0x00007ffcb2e29000 	C:\WINDOWS\System32\NSI.dll
0x00007ffca54f0000 - 0x00007ffca5507000 	C:\WINDOWS\SYSTEM32\dhcpcsvc6.DLL
0x00007ffca5280000 - 0x00007ffca529d000 	C:\WINDOWS\SYSTEM32\dhcpcsvc.DLL
0x00007ffcafc70000 - 0x00007ffcafd3b000 	C:\WINDOWS\SYSTEM32\DNSAPI.dll
0x00007ffcae360000 - 0x00007ffcae544000 	C:\WINDOWS\SYSTEM32\dbghelp.dll

VM Arguments:
jvm_args: -Xmx1536M -Dfile.encoding=windows-1252 -Duser.country=US -Duser.language=en -Duser.variant 
java_command: org.gradle.launcher.daemon.bootstrap.GradleDaemon 5.6.2
java_class_path (initial): C:\Users\Bogart\.gradle\wrapper\dists\gradle-5.6.2-all\9st6wgf78h16so49nn74lgtbb\gradle-5.6.2\lib\gradle-launcher-5.6.2.jar
Launcher Type: SUN_STANDARD

Environment Variables:
JAVA_HOME=C:\Program Files\Android\Android Studio1\jre
CLASSPATH=C:\Users\Bogart\AndroidStudioProjects\bayad_po\android\\gradle\wrapper\gradle-wrapper.jar
PATH=C:\Program Files (x86)\Common Files\Oracle\Java\javapath;C:\Windows\system32;C:\Windows;C:\Windows\System32\Wbem;C:\Windows\System32\WindowsPowerShell\v1.0\;C:\Windows\System32\OpenSSH\;C:\Program Files (x86)\NVIDIA Corporation\PhysX\Common;C:\Program Files\NVIDIA Corporation\NVIDIA NvDLISR;C:\WINDOWS\system32;C:\WINDOWS;C:\WINDOWS\System32\Wbem;C:\WINDOWS\System32\WindowsPowerShell\v1.0\;C:\WINDOWS\System32\OpenSSH\;C:\Program Files\Git\cmd;C:\Users\Bogart\AppData\Local\Programs\Python\Python38-32\Scripts\;C:\Users\Bogart\AppData\Local\Programs\Python\Python38-32\;C:\Users\Bogart\AppData\Local\Microsoft\WindowsApps;C:\Users\Bogart\AppData\Local\Programs\Microsoft VS Code\bin;C:\src\flutter\bin;
USERNAME=Bogart
OS=Windows_NT
PROCESSOR_IDENTIFIER=AMD64 Family 23 Model 24 Stepping 1, AuthenticAMD



---------------  S Y S T E M  ---------------

OS: Windows 10.0 , 64 bit Build 19041 (10.0.19041.546)

CPU:total 8 (initial active 8) (8 cores per cpu, 1 threads per core) family 23 model 24 stepping 1, cmov, cx8, fxsr, mmx, sse, sse2, sse3, ssse3, sse4.1, sse4.2, popcnt, avx, avx2, aes, clmul, mmxext, 3dnowpref, lzcnt, sse4a, tsc, tscinvbit, tscinv, bmi1

Memory: 4k page, physical 3616212k(179116k free), swap 14626260k(0k free)

vm_info: OpenJDK 64-Bit Server VM (25.242-b01) for windows-amd64 JRE (1.8.0_242-release-1644-b01), built by "builder" with MS VC++ 10.0 (VS2010)

time: Sat Nov 28 14:44:22 2020
timezone: Malay Peninsula Standard Time
elapsed time: 11887 seconds (0d 3h 18m 7s)

